Reading netlist file: "C:\Users\aidan\scratch\fpga\blinky\impl\gwsynthesis\blinky.vg"
Parsing netlist file "C:\Users\aidan\scratch\fpga\blinky\impl\gwsynthesis\blinky.vg" completed
Processing netlist completed
Reading constraint file: "C:\Users\aidan\scratch\fpga\blinky\src\blinky.cst"
Physical Constraint parsed completed
Running placement......
[10%] Placement Phase 0 completed
[20%] Placement Phase 1 completed
[30%] Placement Phase 2 completed
WARN  (TA1132) :  'i_clock' was determined to be a clock but was not created.
[50%] Placement Phase 3 completed
Running routing......
[60%] Routing Phase 0 completed
[70%] Routing Phase 1 completed
[80%] Routing Phase 2 completed
[90%] Routing Phase 3 completed
Running timing analysis......
[95%] Timing analysis completed
Placement and routing completed
Bitstream generation in progress......
Bitstream generation completed
Running power analysis......
[100%] Power analysis completed
Generate file "C:\Users\aidan\scratch\fpga\blinky\impl\pnr\blinky.power.html" completed
Generate file "C:\Users\aidan\scratch\fpga\blinky\impl\pnr\blinky.pin.html" completed
Generate file "C:\Users\aidan\scratch\fpga\blinky\impl\pnr\blinky.rpt.html" completed
Generate file "C:\Users\aidan\scratch\fpga\blinky\impl\pnr\blinky.rpt.txt" completed
Generate file "C:\Users\aidan\scratch\fpga\blinky\impl\pnr\blinky.tr.html" completed
Thu Jun 19 16:17:18 2025

