GowinSynthesis start
Running parser ...
Analyzing VHDL file 'C:\Users\aidan\scratch\fpga\blinky\src\main.vhd'
Analyzing entity 'blink'("C:\Users\aidan\scratch\fpga\blinky\src\main.vhd":5)
Analyzing architecture 'rtl'("C:\Users\aidan\scratch\fpga\blinky\src\main.vhd":12)
Processing 'blink(rtl)'("C:\Users\aidan\scratch\fpga\blinky\src\main.vhd":5)
NOTE  (EX0101) : Current top module is "blink"
[5%] Running netlist conversion ...
Running device independent optimization ...
[10%] Optimizing Phase 0 completed
[15%] Optimizing Phase 1 completed
[25%] Optimizing Phase 2 completed
Running inference ...
[30%] Inferring Phase 0 completed
[40%] Inferring Phase 1 completed
[50%] Inferring Phase 2 completed
[55%] Inferring Phase 3 completed
Running technical mapping ...
[60%] Tech-Mapping Phase 0 completed
[65%] Tech-Mapping Phase 1 completed
[75%] Tech-Mapping Phase 2 completed
[80%] Tech-Mapping Phase 3 completed
[90%] Tech-Mapping Phase 4 completed
[95%] Generate netlist file "C:\Users\aidan\scratch\fpga\blinky\impl\gwsynthesis\blinky.vg" completed
[100%] Generate report file "C:\Users\aidan\scratch\fpga\blinky\impl\gwsynthesis\blinky_syn.rpt.html" completed
GowinSynthesis finish
